<?xml version="1.0" encoding="UTF-8"?>
<coverage generated="1556345936321" clover="3.2.0">
  <project timestamp="1556345936322" name="All files">
    <metrics statements="78" coveredstatements="74" conditionals="27" coveredconditionals="23" methods="58" coveredmethods="57" elements="163" coveredelements="154" complexity="0" loc="78" ncloc="78" packages="2" files="7" classes="7"/>
    <package name="src">
      <metrics statements="36" coveredstatements="33" conditionals="21" coveredconditionals="17" methods="21" coveredmethods="21"/>
      <file name="gendiff.js" path="/home/igor/dev/gen-diff/project-lvl2-s463/src/gendiff.js">
        <metrics statements="22" coveredstatements="22" conditionals="16" coveredconditionals="16" methods="15" coveredmethods="15"/>
        <line num="4" count="2" type="stmt"/>
        <line num="6" count="64" type="cond" truecount="2" falsecount="0"/>
        <line num="7" count="20" type="stmt"/>
        <line num="17" count="44" type="cond" truecount="2" falsecount="0"/>
        <line num="18" count="8" type="stmt"/>
        <line num="28" count="36" type="cond" truecount="3" falsecount="0"/>
        <line num="30" count="12" type="stmt"/>
        <line num="40" count="24" type="cond" truecount="4" falsecount="0"/>
        <line num="42" count="12" type="stmt"/>
        <line num="51" count="12" type="cond" truecount="3" falsecount="0"/>
        <line num="53" count="12" type="stmt"/>
        <line num="65" count="64" type="stmt"/>
        <line num="66" count="180" type="stmt"/>
        <line num="68" count="2" type="cond" truecount="2" falsecount="0"/>
        <line num="69" count="16" type="stmt"/>
        <line num="70" count="16" type="stmt"/>
        <line num="71" count="64" type="stmt"/>
        <line num="73" count="64" type="stmt"/>
        <line num="75" count="16" type="stmt"/>
        <line num="79" count="4" type="stmt"/>
        <line num="80" count="4" type="stmt"/>
        <line num="81" count="4" type="stmt"/>
      </file>
      <file name="index.js" path="/home/igor/dev/gen-diff/project-lvl2-s463/src/index.js">
        <metrics statements="0" coveredstatements="0" conditionals="0" coveredconditionals="0" methods="0" coveredmethods="0"/>
      </file>
      <file name="parsers.js" path="/home/igor/dev/gen-diff/project-lvl2-s463/src/parsers.js">
        <metrics statements="9" coveredstatements="9" conditionals="0" coveredconditionals="0" methods="5" coveredmethods="5"/>
        <line num="6" count="2" type="stmt"/>
        <line num="9" count="4" type="stmt"/>
        <line num="13" count="2" type="stmt"/>
        <line num="17" count="2" type="stmt"/>
        <line num="21" count="2" type="stmt"/>
        <line num="22" count="8" type="stmt"/>
        <line num="23" count="8" type="stmt"/>
        <line num="24" count="14" type="stmt"/>
        <line num="25" count="8" type="stmt"/>
      </file>
      <file name="renderer.js" path="/home/igor/dev/gen-diff/project-lvl2-s463/src/renderer.js">
        <metrics statements="5" coveredstatements="2" conditionals="5" coveredconditionals="1" methods="1" coveredmethods="1"/>
        <line num="6" count="3" type="cond" truecount="1" falsecount="3"/>
        <line num="7" count="3" type="stmt"/>
        <line num="8" count="0" type="stmt"/>
        <line num="9" count="0" type="stmt"/>
        <line num="10" count="0" type="stmt"/>
      </file>
    </package>
    <package name="src.formatters">
      <metrics statements="42" coveredstatements="41" conditionals="6" coveredconditionals="6" methods="37" coveredmethods="36"/>
      <file name="json.js" path="/home/igor/dev/gen-diff/project-lvl2-s463/src/formatters/json.js">
        <metrics statements="1" coveredstatements="0" conditionals="0" coveredconditionals="0" methods="1" coveredmethods="0"/>
        <line num="1" count="0" type="stmt"/>
      </file>
      <file name="plain.js" path="/home/igor/dev/gen-diff/project-lvl2-s463/src/formatters/plain.js">
        <metrics statements="23" coveredstatements="23" conditionals="4" coveredconditionals="4" methods="18" coveredmethods="18"/>
        <line num="3" count="2" type="stmt"/>
        <line num="4" count="11" type="cond" truecount="2" falsecount="0"/>
        <line num="5" count="4" type="stmt"/>
        <line num="7" count="7" type="cond" truecount="2" falsecount="0"/>
        <line num="8" count="5" type="stmt"/>
        <line num="10" count="2" type="stmt"/>
        <line num="13" count="10" type="stmt"/>
        <line num="15" count="2" type="stmt"/>
        <line num="17" count="16" type="stmt"/>
        <line num="18" count="3" type="stmt"/>
        <line num="21" count="13" type="stmt"/>
        <line num="22" count="5" type="stmt"/>
        <line num="25" count="8" type="stmt"/>
        <line num="26" count="2" type="stmt"/>
        <line num="29" count="6" type="stmt"/>
        <line num="32" count="3" type="stmt"/>
        <line num="35" count="3" type="stmt"/>
        <line num="36" count="3" type="stmt"/>
        <line num="40" count="46" type="stmt"/>
        <line num="42" count="4" type="stmt"/>
        <line num="43" count="16" type="stmt"/>
        <line num="45" count="16" type="stmt"/>
        <line num="49" count="1" type="stmt"/>
      </file>
      <file name="tree.js" path="/home/igor/dev/gen-diff/project-lvl2-s463/src/formatters/tree.js">
        <metrics statements="18" coveredstatements="18" conditionals="2" coveredconditionals="2" methods="18" coveredmethods="18"/>
        <line num="3" count="111" type="stmt"/>
        <line num="5" count="54" type="cond" truecount="2" falsecount="0"/>
        <line num="8" count="15" type="stmt"/>
        <line num="12" count="2" type="stmt"/>
        <line num="14" count="48" type="stmt"/>
        <line num="15" count="9" type="stmt"/>
        <line num="18" count="39" type="stmt"/>
        <line num="19" count="15" type="stmt"/>
        <line num="22" count="24" type="stmt"/>
        <line num="23" count="6" type="stmt"/>
        <line num="26" count="18" type="stmt"/>
        <line num="29" count="9" type="stmt"/>
        <line num="33" count="9" type="stmt"/>
        <line num="34" count="9" type="stmt"/>
        <line num="39" count="138" type="stmt"/>
        <line num="41" count="12" type="stmt"/>
        <line num="42" count="48" type="stmt"/>
        <line num="46" count="3" type="stmt"/>
      </file>
    </package>
  </project>
</coverage>
