{"/home/igor/dev/gen-diff/project-lvl2-s463/src/gendiff.js": {"path":"/home/igor/dev/gen-diff/project-lvl2-s463/src/gendiff.js","statementMap":{"0":{"start":{"line":4,"column":24},"end":{"line":63,"column":1}},"1":{"start":{"line":6,"column":34},"end":{"line":6,"column":69}},"2":{"start":{"line":7,"column":47},"end":{"line":14,"column":5}},"3":{"start":{"line":17,"column":34},"end":{"line":17,"column":69}},"4":{"start":{"line":18,"column":40},"end":{"line":25,"column":5}},"5":{"start":{"line":28,"column":34},"end":{"line":29,"column":34}},"6":{"start":{"line":30,"column":40},"end":{"line":37,"column":5}},"7":{"start":{"line":40,"column":34},"end":{"line":41,"column":53}},"8":{"start":{"line":42,"column":51},"end":{"line":48,"column":5}},"9":{"start":{"line":51,"column":34},"end":{"line":52,"column":34}},"10":{"start":{"line":53,"column":47},"end":{"line":61,"column":5}},"11":{"start":{"line":65,"column":20},"end":{"line":66,"column":48}},"12":{"start":{"line":65,"column":43},"end":{"line":66,"column":48}},"13":{"start":{"line":66,"column":23},"end":{"line":66,"column":47}},"14":{"start":{"line":68,"column":16},"end":{"line":76,"column":1}},"15":{"start":{"line":69,"column":15},"end":{"line":69,"column":67}},"16":{"start":{"line":70,"column":14},"end":{"line":74,"column":4}},"17":{"start":{"line":71,"column":20},"end":{"line":72,"column":52}},"18":{"start":{"line":73,"column":4},"end":{"line":73,"column":19}},"19":{"start":{"line":75,"column":2},"end":{"line":75,"column":13}},"20":{"start":{"line":79,"column":16},"end":{"line":79,"column":34}},"21":{"start":{"line":80,"column":16},"end":{"line":80,"column":34}},"22":{"start":{"line":81,"column":2},"end":{"line":81,"column":31}}},"fnMap":{"0":{"name":"(anonymous_0)","decl":{"start":{"line":6,"column":11},"end":{"line":6,"column":12}},"loc":{"start":{"line":6,"column":34},"end":{"line":6,"column":69}},"line":6},"1":{"name":"(anonymous_1)","decl":{"start":{"line":7,"column":12},"end":{"line":7,"column":13}},"loc":{"start":{"line":7,"column":47},"end":{"line":14,"column":5}},"line":7},"2":{"name":"(anonymous_2)","decl":{"start":{"line":17,"column":11},"end":{"line":17,"column":12}},"loc":{"start":{"line":17,"column":34},"end":{"line":17,"column":69}},"line":17},"3":{"name":"(anonymous_3)","decl":{"start":{"line":18,"column":12},"end":{"line":18,"column":13}},"loc":{"start":{"line":18,"column":40},"end":{"line":25,"column":5}},"line":18},"4":{"name":"(anonymous_4)","decl":{"start":{"line":28,"column":11},"end":{"line":28,"column":12}},"loc":{"start":{"line":28,"column":34},"end":{"line":29,"column":34}},"line":28},"5":{"name":"(anonymous_5)","decl":{"start":{"line":30,"column":12},"end":{"line":30,"column":13}},"loc":{"start":{"line":30,"column":40},"end":{"line":37,"column":5}},"line":30},"6":{"name":"(anonymous_6)","decl":{"start":{"line":40,"column":11},"end":{"line":40,"column":12}},"loc":{"start":{"line":40,"column":34},"end":{"line":41,"column":53}},"line":40},"7":{"name":"(anonymous_7)","decl":{"start":{"line":42,"column":12},"end":{"line":42,"column":13}},"loc":{"start":{"line":42,"column":51},"end":{"line":48,"column":5}},"line":42},"8":{"name":"(anonymous_8)","decl":{"start":{"line":51,"column":11},"end":{"line":51,"column":12}},"loc":{"start":{"line":51,"column":34},"end":{"line":52,"column":34}},"line":51},"9":{"name":"(anonymous_9)","decl":{"start":{"line":53,"column":12},"end":{"line":53,"column":13}},"loc":{"start":{"line":53,"column":47},"end":{"line":61,"column":5}},"line":53},"10":{"name":"(anonymous_10)","decl":{"start":{"line":65,"column":20},"end":{"line":65,"column":21}},"loc":{"start":{"line":65,"column":43},"end":{"line":66,"column":48}},"line":65},"11":{"name":"(anonymous_11)","decl":{"start":{"line":66,"column":8},"end":{"line":66,"column":9}},"loc":{"start":{"line":66,"column":23},"end":{"line":66,"column":47}},"line":66},"12":{"name":"(anonymous_12)","decl":{"start":{"line":68,"column":16},"end":{"line":68,"column":17}},"loc":{"start":{"line":68,"column":54},"end":{"line":76,"column":1}},"line":68},"13":{"name":"(anonymous_13)","decl":{"start":{"line":70,"column":23},"end":{"line":70,"column":24}},"loc":{"start":{"line":70,"column":32},"end":{"line":74,"column":3}},"line":70},"14":{"name":"(anonymous_14)","decl":{"start":{"line":78,"column":15},"end":{"line":78,"column":16}},"loc":{"start":{"line":78,"column":45},"end":{"line":82,"column":1}},"line":78}},"branchMap":{"0":{"loc":{"start":{"line":6,"column":34},"end":{"line":6,"column":69}},"type":"binary-expr","locations":[{"start":{"line":6,"column":34},"end":{"line":6,"column":50}},{"start":{"line":6,"column":54},"end":{"line":6,"column":69}}],"line":6},"1":{"loc":{"start":{"line":17,"column":34},"end":{"line":17,"column":69}},"type":"binary-expr","locations":[{"start":{"line":17,"column":34},"end":{"line":17,"column":49}},{"start":{"line":17,"column":53},"end":{"line":17,"column":69}}],"line":17},"2":{"loc":{"start":{"line":28,"column":34},"end":{"line":29,"column":34}},"type":"binary-expr","locations":[{"start":{"line":28,"column":34},"end":{"line":28,"column":49}},{"start":{"line":28,"column":53},"end":{"line":28,"column":68}},{"start":{"line":29,"column":9},"end":{"line":29,"column":34}}],"line":28},"3":{"loc":{"start":{"line":40,"column":34},"end":{"line":41,"column":53}},"type":"binary-expr","locations":[{"start":{"line":40,"column":34},"end":{"line":40,"column":49}},{"start":{"line":40,"column":53},"end":{"line":40,"column":68}},{"start":{"line":41,"column":9},"end":{"line":41,"column":29}},{"start":{"line":41,"column":33},"end":{"line":41,"column":53}}],"line":40},"4":{"loc":{"start":{"line":51,"column":34},"end":{"line":52,"column":34}},"type":"binary-expr","locations":[{"start":{"line":51,"column":34},"end":{"line":51,"column":49}},{"start":{"line":51,"column":53},"end":{"line":51,"column":68}},{"start":{"line":52,"column":9},"end":{"line":52,"column":34}}],"line":51},"5":{"loc":{"start":{"line":68,"column":31},"end":{"line":68,"column":40}},"type":"default-arg","locations":[{"start":{"line":68,"column":38},"end":{"line":68,"column":40}}],"line":68},"6":{"loc":{"start":{"line":68,"column":42},"end":{"line":68,"column":49}},"type":"default-arg","locations":[{"start":{"line":68,"column":48},"end":{"line":68,"column":49}}],"line":68}},"s":{"0":2,"1":64,"2":20,"3":44,"4":8,"5":36,"6":12,"7":24,"8":12,"9":12,"10":12,"11":2,"12":64,"13":180,"14":2,"15":16,"16":16,"17":64,"18":64,"19":16,"20":4,"21":4,"22":4},"f":{"0":64,"1":20,"2":44,"3":8,"4":36,"5":12,"6":24,"7":12,"8":12,"9":12,"10":64,"11":180,"12":16,"13":64,"14":4},"b":{"0":[64,20],"1":[44,44],"2":[36,36,36],"3":[24,24,24,16],"4":[12,12,12],"5":[4],"6":[4]},"_coverageSchema":"43e27e138ebf9cfc5966b082cf9a028302ed4184","hash":"a63d007008b2516f52e058a2eabc18b5246e5e16"}
,"/home/igor/dev/gen-diff/project-lvl2-s463/src/index.js": {"path":"/home/igor/dev/gen-diff/project-lvl2-s463/src/index.js","statementMap":{},"fnMap":{},"branchMap":{},"s":{},"f":{},"b":{},"_coverageSchema":"43e27e138ebf9cfc5966b082cf9a028302ed4184","hash":"39c6cf0f73f6f71cb05216fcd9c3e47c0e1924c8"}
,"/home/igor/dev/gen-diff/project-lvl2-s463/src/parsers.js": {"path":"/home/igor/dev/gen-diff/project-lvl2-s463/src/parsers.js","statementMap":{"0":{"start":{"line":6,"column":16},"end":{"line":19,"column":1}},"1":{"start":{"line":9,"column":24},"end":{"line":9,"column":44}},"2":{"start":{"line":13,"column":24},"end":{"line":13,"column":47}},"3":{"start":{"line":17,"column":24},"end":{"line":17,"column":43}},"4":{"start":{"line":21,"column":14},"end":{"line":26,"column":1}},"5":{"start":{"line":22,"column":19},"end":{"line":22,"column":43}},"6":{"start":{"line":23,"column":22},"end":{"line":23,"column":74}},"7":{"start":{"line":24,"column":17},"end":{"line":24,"column":62}},"8":{"start":{"line":24,"column":44},"end":{"line":24,"column":61}},"9":{"start":{"line":25,"column":2},"end":{"line":25,"column":36}}},"fnMap":{"0":{"name":"(anonymous_0)","decl":{"start":{"line":9,"column":12},"end":{"line":9,"column":13}},"loc":{"start":{"line":9,"column":24},"end":{"line":9,"column":44}},"line":9},"1":{"name":"(anonymous_1)","decl":{"start":{"line":13,"column":12},"end":{"line":13,"column":13}},"loc":{"start":{"line":13,"column":24},"end":{"line":13,"column":47}},"line":13},"2":{"name":"(anonymous_2)","decl":{"start":{"line":17,"column":12},"end":{"line":17,"column":13}},"loc":{"start":{"line":17,"column":24},"end":{"line":17,"column":43}},"line":17},"3":{"name":"(anonymous_3)","decl":{"start":{"line":21,"column":14},"end":{"line":21,"column":15}},"loc":{"start":{"line":21,"column":30},"end":{"line":26,"column":1}},"line":21},"4":{"name":"(anonymous_4)","decl":{"start":{"line":24,"column":30},"end":{"line":24,"column":31}},"loc":{"start":{"line":24,"column":44},"end":{"line":24,"column":61}},"line":24}},"branchMap":{},"s":{"0":2,"1":4,"2":2,"3":2,"4":2,"5":8,"6":8,"7":8,"8":14,"9":8},"f":{"0":4,"1":2,"2":2,"3":8,"4":14},"b":{},"_coverageSchema":"43e27e138ebf9cfc5966b082cf9a028302ed4184","hash":"9b12e28da3cbc379a0dad066401f4e91612a23f3"}
,"/home/igor/dev/gen-diff/project-lvl2-s463/src/renderer.js": {"path":"/home/igor/dev/gen-diff/project-lvl2-s463/src/renderer.js","statementMap":{"0":{"start":{"line":6,"column":2},"end":{"line":11,"column":3}},"1":{"start":{"line":7,"column":17},"end":{"line":7,"column":40}},"2":{"start":{"line":8,"column":18},"end":{"line":8,"column":42}},"3":{"start":{"line":9,"column":17},"end":{"line":9,"column":40}},"4":{"start":{"line":10,"column":13},"end":{"line":10,"column":47}}},"fnMap":{"0":{"name":"(anonymous_0)","decl":{"start":{"line":5,"column":15},"end":{"line":5,"column":16}},"loc":{"start":{"line":5,"column":39},"end":{"line":12,"column":1}},"line":5}},"branchMap":{"0":{"loc":{"start":{"line":5,"column":21},"end":{"line":5,"column":34}},"type":"default-arg","locations":[{"start":{"line":5,"column":28},"end":{"line":5,"column":34}}],"line":5},"1":{"loc":{"start":{"line":6,"column":2},"end":{"line":11,"column":3}},"type":"switch","locations":[{"start":{"line":7,"column":4},"end":{"line":7,"column":40}},{"start":{"line":8,"column":4},"end":{"line":8,"column":42}},{"start":{"line":9,"column":4},"end":{"line":9,"column":40}},{"start":{"line":10,"column":4},"end":{"line":10,"column":47}}],"line":6}},"s":{"0":3,"1":3,"2":0,"3":0,"4":0},"f":{"0":3},"b":{"0":[0],"1":[3,0,0,0]},"_coverageSchema":"43e27e138ebf9cfc5966b082cf9a028302ed4184","hash":"65b37a7924f7f6a02a74bebbae2fac5bdb62603c"}
,"/home/igor/dev/gen-diff/project-lvl2-s463/src/formatters/json.js": {"path":"/home/igor/dev/gen-diff/project-lvl2-s463/src/formatters/json.js","statementMap":{"0":{"start":{"line":1,"column":22},"end":{"line":1,"column":48}}},"fnMap":{"0":{"name":"(anonymous_0)","decl":{"start":{"line":1,"column":15},"end":{"line":1,"column":16}},"loc":{"start":{"line":1,"column":22},"end":{"line":1,"column":48}},"line":1}},"branchMap":{},"s":{"0":0},"f":{"0":0},"b":{},"_coverageSchema":"43e27e138ebf9cfc5966b082cf9a028302ed4184","hash":"2503d74a15d8f3adb16faedd75d2f70b05ae04f5"}
,"/home/igor/dev/gen-diff/project-lvl2-s463/src/formatters/plain.js": {"path":"/home/igor/dev/gen-diff/project-lvl2-s463/src/formatters/plain.js","statementMap":{"0":{"start":{"line":3,"column":26},"end":{"line":11,"column":1}},"1":{"start":{"line":4,"column":2},"end":{"line":6,"column":3}},"2":{"start":{"line":5,"column":4},"end":{"line":5,"column":29}},"3":{"start":{"line":7,"column":2},"end":{"line":9,"column":3}},"4":{"start":{"line":8,"column":4},"end":{"line":8,"column":24}},"5":{"start":{"line":10,"column":2},"end":{"line":10,"column":15}},"6":{"start":{"line":13,"column":22},"end":{"line":13,"column":61}},"7":{"start":{"line":13,"column":37},"end":{"line":13,"column":61}},"8":{"start":{"line":15,"column":20},"end":{"line":38,"column":1}},"9":{"start":{"line":17,"column":19},"end":{"line":17,"column":35}},"10":{"start":{"line":18,"column":18},"end":{"line":18,"column":20}},"11":{"start":{"line":21,"column":19},"end":{"line":21,"column":35}},"12":{"start":{"line":22,"column":38},"end":{"line":22,"column":128}},"13":{"start":{"line":25,"column":19},"end":{"line":25,"column":37}},"14":{"start":{"line":26,"column":31},"end":{"line":26,"column":83}},"15":{"start":{"line":29,"column":19},"end":{"line":29,"column":37}},"16":{"start":{"line":32,"column":10},"end":{"line":32,"column":133}},"17":{"start":{"line":35,"column":19},"end":{"line":35,"column":36}},"18":{"start":{"line":36,"column":34},"end":{"line":36,"column":46}},"19":{"start":{"line":40,"column":22},"end":{"line":40,"column":74}},"20":{"start":{"line":40,"column":30},"end":{"line":40,"column":74}},"21":{"start":{"line":40,"column":62},"end":{"line":40,"column":73}},"22":{"start":{"line":42,"column":18},"end":{"line":47,"column":13}},"23":{"start":{"line":42,"column":29},"end":{"line":47,"column":13}},"24":{"start":{"line":43,"column":19},"end":{"line":44,"column":32}},"25":{"start":{"line":45,"column":15},"end":{"line":45,"column":16}},"26":{"start":{"line":49,"column":22},"end":{"line":49,"column":36}}},"fnMap":{"0":{"name":"(anonymous_0)","decl":{"start":{"line":3,"column":26},"end":{"line":3,"column":27}},"loc":{"start":{"line":3,"column":37},"end":{"line":11,"column":1}},"line":3},"1":{"name":"(anonymous_1)","decl":{"start":{"line":13,"column":22},"end":{"line":13,"column":23}},"loc":{"start":{"line":13,"column":37},"end":{"line":13,"column":61}},"line":13},"2":{"name":"(anonymous_2)","decl":{"start":{"line":17,"column":11},"end":{"line":17,"column":12}},"loc":{"start":{"line":17,"column":19},"end":{"line":17,"column":35}},"line":17},"3":{"name":"(anonymous_3)","decl":{"start":{"line":18,"column":12},"end":{"line":18,"column":13}},"loc":{"start":{"line":18,"column":18},"end":{"line":18,"column":20}},"line":18},"4":{"name":"(anonymous_4)","decl":{"start":{"line":21,"column":11},"end":{"line":21,"column":12}},"loc":{"start":{"line":21,"column":19},"end":{"line":21,"column":35}},"line":21},"5":{"name":"(anonymous_5)","decl":{"start":{"line":22,"column":12},"end":{"line":22,"column":13}},"loc":{"start":{"line":22,"column":38},"end":{"line":22,"column":128}},"line":22},"6":{"name":"(anonymous_6)","decl":{"start":{"line":25,"column":11},"end":{"line":25,"column":12}},"loc":{"start":{"line":25,"column":19},"end":{"line":25,"column":37}},"line":25},"7":{"name":"(anonymous_7)","decl":{"start":{"line":26,"column":12},"end":{"line":26,"column":13}},"loc":{"start":{"line":26,"column":31},"end":{"line":26,"column":83}},"line":26},"8":{"name":"(anonymous_8)","decl":{"start":{"line":29,"column":11},"end":{"line":29,"column":12}},"loc":{"start":{"line":29,"column":19},"end":{"line":29,"column":37}},"line":29},"9":{"name":"(anonymous_9)","decl":{"start":{"line":30,"column":12},"end":{"line":30,"column":13}},"loc":{"start":{"line":32,"column":10},"end":{"line":32,"column":133}},"line":32},"10":{"name":"(anonymous_10)","decl":{"start":{"line":35,"column":11},"end":{"line":35,"column":12}},"loc":{"start":{"line":35,"column":19},"end":{"line":35,"column":36}},"line":35},"11":{"name":"(anonymous_11)","decl":{"start":{"line":36,"column":12},"end":{"line":36,"column":13}},"loc":{"start":{"line":36,"column":34},"end":{"line":36,"column":46}},"line":36},"12":{"name":"(anonymous_12)","decl":{"start":{"line":40,"column":22},"end":{"line":40,"column":23}},"loc":{"start":{"line":40,"column":30},"end":{"line":40,"column":74}},"line":40},"13":{"name":"(anonymous_13)","decl":{"start":{"line":40,"column":47},"end":{"line":40,"column":48}},"loc":{"start":{"line":40,"column":62},"end":{"line":40,"column":73}},"line":40},"14":{"name":"(anonymous_14)","decl":{"start":{"line":42,"column":18},"end":{"line":42,"column":19}},"loc":{"start":{"line":42,"column":29},"end":{"line":47,"column":13}},"line":42},"15":{"name":"(anonymous_15)","decl":{"start":{"line":43,"column":7},"end":{"line":43,"column":8}},"loc":{"start":{"line":43,"column":19},"end":{"line":44,"column":32}},"line":43},"16":{"name":"(anonymous_16)","decl":{"start":{"line":45,"column":10},"end":{"line":45,"column":11}},"loc":{"start":{"line":45,"column":15},"end":{"line":45,"column":16}},"line":45},"17":{"name":"(anonymous_17)","decl":{"start":{"line":49,"column":15},"end":{"line":49,"column":16}},"loc":{"start":{"line":49,"column":22},"end":{"line":49,"column":36}},"line":49}},"branchMap":{"0":{"loc":{"start":{"line":4,"column":2},"end":{"line":6,"column":3}},"type":"if","locations":[{"start":{"line":4,"column":2},"end":{"line":6,"column":3}},{"start":{"line":4,"column":2},"end":{"line":6,"column":3}}],"line":4},"1":{"loc":{"start":{"line":7,"column":2},"end":{"line":9,"column":3}},"type":"if","locations":[{"start":{"line":7,"column":2},"end":{"line":9,"column":3}},{"start":{"line":7,"column":2},"end":{"line":9,"column":3}}],"line":7}},"s":{"0":2,"1":11,"2":4,"3":7,"4":5,"5":2,"6":2,"7":10,"8":2,"9":16,"10":3,"11":13,"12":5,"13":8,"14":2,"15":6,"16":3,"17":3,"18":3,"19":2,"20":16,"21":46,"22":2,"23":4,"24":16,"25":16,"26":1},"f":{"0":11,"1":10,"2":16,"3":3,"4":13,"5":5,"6":8,"7":2,"8":6,"9":3,"10":3,"11":3,"12":16,"13":46,"14":4,"15":16,"16":16,"17":1},"b":{"0":[4,7],"1":[5,2]},"_coverageSchema":"43e27e138ebf9cfc5966b082cf9a028302ed4184","hash":"08434aca8dbef6dd35706a226422ee57e2a5a63a"}
,"/home/igor/dev/gen-diff/project-lvl2-s463/src/formatters/tree.js": {"path":"/home/igor/dev/gen-diff/project-lvl2-s463/src/formatters/tree.js","statementMap":{"0":{"start":{"line":3,"column":19},"end":{"line":3,"column":41}},"1":{"start":{"line":3,"column":26},"end":{"line":3,"column":41}},"2":{"start":{"line":5,"column":26},"end":{"line":10,"column":15}},"3":{"start":{"line":5,"column":43},"end":{"line":10,"column":14}},"4":{"start":{"line":8,"column":16},"end":{"line":8,"column":67}},"5":{"start":{"line":12,"column":20},"end":{"line":37,"column":1}},"6":{"start":{"line":14,"column":19},"end":{"line":14,"column":35}},"7":{"start":{"line":15,"column":37},"end":{"line":15,"column":75}},"8":{"start":{"line":18,"column":19},"end":{"line":18,"column":35}},"9":{"start":{"line":19,"column":37},"end":{"line":19,"column":103}},"10":{"start":{"line":22,"column":19},"end":{"line":22,"column":37}},"11":{"start":{"line":23,"column":37},"end":{"line":23,"column":103}},"12":{"start":{"line":26,"column":19},"end":{"line":26,"column":37}},"13":{"start":{"line":29,"column":10},"end":{"line":30,"column":68}},"14":{"start":{"line":33,"column":19},"end":{"line":33,"column":36}},"15":{"start":{"line":34,"column":44},"end":{"line":35,"column":24}},"16":{"start":{"line":39,"column":22},"end":{"line":39,"column":74}},"17":{"start":{"line":39,"column":30},"end":{"line":39,"column":74}},"18":{"start":{"line":39,"column":62},"end":{"line":39,"column":73}},"19":{"start":{"line":41,"column":18},"end":{"line":44,"column":13}},"20":{"start":{"line":41,"column":29},"end":{"line":44,"column":13}},"21":{"start":{"line":42,"column":19},"end":{"line":43,"column":32}},"22":{"start":{"line":46,"column":22},"end":{"line":46,"column":47}}},"fnMap":{"0":{"name":"(anonymous_0)","decl":{"start":{"line":3,"column":19},"end":{"line":3,"column":20}},"loc":{"start":{"line":3,"column":26},"end":{"line":3,"column":41}},"line":3},"1":{"name":"(anonymous_1)","decl":{"start":{"line":5,"column":26},"end":{"line":5,"column":27}},"loc":{"start":{"line":5,"column":43},"end":{"line":10,"column":14}},"line":5},"2":{"name":"(anonymous_2)","decl":{"start":{"line":8,"column":9},"end":{"line":8,"column":10}},"loc":{"start":{"line":8,"column":16},"end":{"line":8,"column":67}},"line":8},"3":{"name":"(anonymous_3)","decl":{"start":{"line":14,"column":11},"end":{"line":14,"column":12}},"loc":{"start":{"line":14,"column":19},"end":{"line":14,"column":35}},"line":14},"4":{"name":"(anonymous_4)","decl":{"start":{"line":15,"column":12},"end":{"line":15,"column":13}},"loc":{"start":{"line":15,"column":37},"end":{"line":15,"column":75}},"line":15},"5":{"name":"(anonymous_5)","decl":{"start":{"line":18,"column":11},"end":{"line":18,"column":12}},"loc":{"start":{"line":18,"column":19},"end":{"line":18,"column":35}},"line":18},"6":{"name":"(anonymous_6)","decl":{"start":{"line":19,"column":12},"end":{"line":19,"column":13}},"loc":{"start":{"line":19,"column":37},"end":{"line":19,"column":103}},"line":19},"7":{"name":"(anonymous_7)","decl":{"start":{"line":22,"column":11},"end":{"line":22,"column":12}},"loc":{"start":{"line":22,"column":19},"end":{"line":22,"column":37}},"line":22},"8":{"name":"(anonymous_8)","decl":{"start":{"line":23,"column":12},"end":{"line":23,"column":13}},"loc":{"start":{"line":23,"column":37},"end":{"line":23,"column":103}},"line":23},"9":{"name":"(anonymous_9)","decl":{"start":{"line":26,"column":11},"end":{"line":26,"column":12}},"loc":{"start":{"line":26,"column":19},"end":{"line":26,"column":37}},"line":26},"10":{"name":"(anonymous_10)","decl":{"start":{"line":27,"column":12},"end":{"line":27,"column":13}},"loc":{"start":{"line":29,"column":10},"end":{"line":30,"column":68}},"line":29},"11":{"name":"(anonymous_11)","decl":{"start":{"line":33,"column":11},"end":{"line":33,"column":12}},"loc":{"start":{"line":33,"column":19},"end":{"line":33,"column":36}},"line":33},"12":{"name":"(anonymous_12)","decl":{"start":{"line":34,"column":12},"end":{"line":34,"column":13}},"loc":{"start":{"line":34,"column":44},"end":{"line":35,"column":24}},"line":34},"13":{"name":"(anonymous_13)","decl":{"start":{"line":39,"column":22},"end":{"line":39,"column":23}},"loc":{"start":{"line":39,"column":30},"end":{"line":39,"column":74}},"line":39},"14":{"name":"(anonymous_14)","decl":{"start":{"line":39,"column":47},"end":{"line":39,"column":48}},"loc":{"start":{"line":39,"column":62},"end":{"line":39,"column":73}},"line":39},"15":{"name":"(anonymous_15)","decl":{"start":{"line":41,"column":18},"end":{"line":41,"column":19}},"loc":{"start":{"line":41,"column":29},"end":{"line":44,"column":13}},"line":41},"16":{"name":"(anonymous_16)","decl":{"start":{"line":42,"column":7},"end":{"line":42,"column":8}},"loc":{"start":{"line":42,"column":19},"end":{"line":43,"column":32}},"line":42},"17":{"name":"(anonymous_17)","decl":{"start":{"line":46,"column":15},"end":{"line":46,"column":16}},"loc":{"start":{"line":46,"column":22},"end":{"line":46,"column":47}},"line":46}},"branchMap":{"0":{"loc":{"start":{"line":5,"column":43},"end":{"line":10,"column":14}},"type":"cond-expr","locations":[{"start":{"line":6,"column":4},"end":{"line":9,"column":20}},{"start":{"line":10,"column":4},"end":{"line":10,"column":14}}],"line":5}},"s":{"0":2,"1":111,"2":2,"3":54,"4":15,"5":2,"6":48,"7":9,"8":39,"9":15,"10":24,"11":6,"12":18,"13":9,"14":9,"15":9,"16":2,"17":48,"18":138,"19":2,"20":12,"21":48,"22":3},"f":{"0":111,"1":54,"2":15,"3":48,"4":9,"5":39,"6":15,"7":24,"8":6,"9":18,"10":9,"11":9,"12":9,"13":48,"14":138,"15":12,"16":48,"17":3},"b":{"0":[15,39]},"_coverageSchema":"43e27e138ebf9cfc5966b082cf9a028302ed4184","hash":"de3ca00e696ef87b205748c8a79b817d6b3184c2"}
}
