TN:
SF:/home/igor/dev/gen-diff/project-lvl2-s463/src/gendiff.js
FN:6,(anonymous_0)
FN:7,(anonymous_1)
FN:17,(anonymous_2)
FN:18,(anonymous_3)
FN:28,(anonymous_4)
FN:30,(anonymous_5)
FN:40,(anonymous_6)
FN:42,(anonymous_7)
FN:51,(anonymous_8)
FN:53,(anonymous_9)
FN:65,(anonymous_10)
FN:66,(anonymous_11)
FN:68,(anonymous_12)
FN:70,(anonymous_13)
FN:78,(anonymous_14)
FNF:15
FNH:15
FNDA:64,(anonymous_0)
FNDA:20,(anonymous_1)
FNDA:44,(anonymous_2)
FNDA:8,(anonymous_3)
FNDA:36,(anonymous_4)
FNDA:12,(anonymous_5)
FNDA:24,(anonymous_6)
FNDA:12,(anonymous_7)
FNDA:12,(anonymous_8)
FNDA:12,(anonymous_9)
FNDA:64,(anonymous_10)
FNDA:180,(anonymous_11)
FNDA:16,(anonymous_12)
FNDA:64,(anonymous_13)
FNDA:4,(anonymous_14)
DA:4,2
DA:6,64
DA:7,20
DA:17,44
DA:18,8
DA:28,36
DA:30,12
DA:40,24
DA:42,12
DA:51,12
DA:53,12
DA:65,64
DA:66,180
DA:68,2
DA:69,16
DA:70,16
DA:71,64
DA:73,64
DA:75,16
DA:79,4
DA:80,4
DA:81,4
LF:22
LH:22
BRDA:6,0,0,64
BRDA:6,0,1,20
BRDA:17,1,0,44
BRDA:17,1,1,44
BRDA:28,2,0,36
BRDA:28,2,1,36
BRDA:28,2,2,36
BRDA:40,3,0,24
BRDA:40,3,1,24
BRDA:40,3,2,24
BRDA:40,3,3,16
BRDA:51,4,0,12
BRDA:51,4,1,12
BRDA:51,4,2,12
BRDA:68,5,0,4
BRDA:68,6,0,4
BRF:16
BRH:16
end_of_record
TN:
SF:/home/igor/dev/gen-diff/project-lvl2-s463/src/index.js
FNF:0
FNH:0
LF:0
LH:0
BRF:0
BRH:0
end_of_record
TN:
SF:/home/igor/dev/gen-diff/project-lvl2-s463/src/parsers.js
FN:9,(anonymous_0)
FN:13,(anonymous_1)
FN:17,(anonymous_2)
FN:21,(anonymous_3)
FN:24,(anonymous_4)
FNF:5
FNH:5
FNDA:4,(anonymous_0)
FNDA:2,(anonymous_1)
FNDA:2,(anonymous_2)
FNDA:8,(anonymous_3)
FNDA:14,(anonymous_4)
DA:6,2
DA:9,4
DA:13,2
DA:17,2
DA:21,2
DA:22,8
DA:23,8
DA:24,14
DA:25,8
LF:9
LH:9
BRF:0
BRH:0
end_of_record
TN:
SF:/home/igor/dev/gen-diff/project-lvl2-s463/src/renderer.js
FN:5,(anonymous_0)
FNF:1
FNH:1
FNDA:3,(anonymous_0)
DA:6,3
DA:7,3
DA:8,0
DA:9,0
DA:10,0
LF:5
LH:2
BRDA:5,0,0,0
BRDA:6,1,0,3
BRDA:6,1,1,0
BRDA:6,1,2,0
BRDA:6,1,3,0
BRF:5
BRH:1
end_of_record
TN:
SF:/home/igor/dev/gen-diff/project-lvl2-s463/src/formatters/json.js
FN:1,(anonymous_0)
FNF:1
FNH:0
FNDA:0,(anonymous_0)
DA:1,0
LF:1
LH:0
BRF:0
BRH:0
end_of_record
TN:
SF:/home/igor/dev/gen-diff/project-lvl2-s463/src/formatters/plain.js
FN:3,(anonymous_0)
FN:13,(anonymous_1)
FN:17,(anonymous_2)
FN:18,(anonymous_3)
FN:21,(anonymous_4)
FN:22,(anonymous_5)
FN:25,(anonymous_6)
FN:26,(anonymous_7)
FN:29,(anonymous_8)
FN:30,(anonymous_9)
FN:35,(anonymous_10)
FN:36,(anonymous_11)
FN:40,(anonymous_12)
FN:40,(anonymous_13)
FN:42,(anonymous_14)
FN:43,(anonymous_15)
FN:45,(anonymous_16)
FN:49,(anonymous_17)
FNF:18
FNH:18
FNDA:11,(anonymous_0)
FNDA:10,(anonymous_1)
FNDA:16,(anonymous_2)
FNDA:3,(anonymous_3)
FNDA:13,(anonymous_4)
FNDA:5,(anonymous_5)
FNDA:8,(anonymous_6)
FNDA:2,(anonymous_7)
FNDA:6,(anonymous_8)
FNDA:3,(anonymous_9)
FNDA:3,(anonymous_10)
FNDA:3,(anonymous_11)
FNDA:16,(anonymous_12)
FNDA:46,(anonymous_13)
FNDA:4,(anonymous_14)
FNDA:16,(anonymous_15)
FNDA:16,(anonymous_16)
FNDA:1,(anonymous_17)
DA:3,2
DA:4,11
DA:5,4
DA:7,7
DA:8,5
DA:10,2
DA:13,10
DA:15,2
DA:17,16
DA:18,3
DA:21,13
DA:22,5
DA:25,8
DA:26,2
DA:29,6
DA:32,3
DA:35,3
DA:36,3
DA:40,46
DA:42,4
DA:43,16
DA:45,16
DA:49,1
LF:23
LH:23
BRDA:4,0,0,4
BRDA:4,0,1,7
BRDA:7,1,0,5
BRDA:7,1,1,2
BRF:4
BRH:4
end_of_record
TN:
SF:/home/igor/dev/gen-diff/project-lvl2-s463/src/formatters/tree.js
FN:3,(anonymous_0)
FN:5,(anonymous_1)
FN:8,(anonymous_2)
FN:14,(anonymous_3)
FN:15,(anonymous_4)
FN:18,(anonymous_5)
FN:19,(anonymous_6)
FN:22,(anonymous_7)
FN:23,(anonymous_8)
FN:26,(anonymous_9)
FN:27,(anonymous_10)
FN:33,(anonymous_11)
FN:34,(anonymous_12)
FN:39,(anonymous_13)
FN:39,(anonymous_14)
FN:41,(anonymous_15)
FN:42,(anonymous_16)
FN:46,(anonymous_17)
FNF:18
FNH:18
FNDA:111,(anonymous_0)
FNDA:54,(anonymous_1)
FNDA:15,(anonymous_2)
FNDA:48,(anonymous_3)
FNDA:9,(anonymous_4)
FNDA:39,(anonymous_5)
FNDA:15,(anonymous_6)
FNDA:24,(anonymous_7)
FNDA:6,(anonymous_8)
FNDA:18,(anonymous_9)
FNDA:9,(anonymous_10)
FNDA:9,(anonymous_11)
FNDA:9,(anonymous_12)
FNDA:48,(anonymous_13)
FNDA:138,(anonymous_14)
FNDA:12,(anonymous_15)
FNDA:48,(anonymous_16)
FNDA:3,(anonymous_17)
DA:3,111
DA:5,54
DA:8,15
DA:12,2
DA:14,48
DA:15,9
DA:18,39
DA:19,15
DA:22,24
DA:23,6
DA:26,18
DA:29,9
DA:33,9
DA:34,9
DA:39,138
DA:41,12
DA:42,48
DA:46,3
LF:18
LH:18
BRDA:5,0,0,15
BRDA:5,0,1,39
BRF:2
BRH:2
end_of_record
